<?xml version="1.0" encoding="UTF-8"?>
<testng-results ignored="0" total="1" passed="1" failed="0" skipped="0">
  <reporter-output>
  </reporter-output>
  <suite started-at="2023-11-08T12:35:35 IST" name="Default suite" finished-at="2023-11-08T12:35:50 IST" duration-ms="15181">
    <groups>
    </groups>
    <test started-at="2023-11-08T12:35:35 IST" name="Default test" finished-at="2023-11-08T12:35:50 IST" duration-ms="15181">
      <class name="WishList.DWS_Add_Product_Into_Wishlist_08_Test">
        <test-method is-config="true" signature="launchingBrowserAndNavigateToApp()[pri:0, instance:WishList.DWS_Add_Product_Into_Wishlist_08_Test@1189dd52]" started-at="2023-11-08T12:35:36 IST" name="launchingBrowserAndNavigateToApp" finished-at="2023-11-08T12:35:45 IST" duration-ms="9576" status="PASS">
          <reporter-output>
          </reporter-output>
        </test-method> <!-- launchingBrowserAndNavigateToApp -->
        <test-method is-config="true" signature="loginToApplication()[pri:0, instance:WishList.DWS_Add_Product_Into_Wishlist_08_Test@1189dd52]" started-at="2023-11-08T12:35:46 IST" name="loginToApplication" finished-at="2023-11-08T12:35:46 IST" duration-ms="171" status="PASS">
          <reporter-output>
          </reporter-output>
        </test-method> <!-- loginToApplication -->
        <test-method signature="AddProductIntoWishlist()[pri:0, instance:WishList.DWS_Add_Product_Into_Wishlist_08_Test@1189dd52]" started-at="2023-11-08T12:35:46 IST" name="AddProductIntoWishlist" finished-at="2023-11-08T12:35:50 IST" duration-ms="4201" status="PASS">
          <reporter-output>
          </reporter-output>
        </test-method> <!-- AddProductIntoWishlist -->
        <test-method is-config="true" signature="LoggOutFromApplication()[pri:0, instance:WishList.DWS_Add_Product_Into_Wishlist_08_Test@1189dd52]" started-at="2023-11-08T12:35:50 IST" name="LoggOutFromApplication" finished-at="2023-11-08T12:35:50 IST" duration-ms="2" status="PASS">
          <reporter-output>
          </reporter-output>
        </test-method> <!-- LoggOutFromApplication -->
        <test-method is-config="true" signature="tearDownTheBrowser()[pri:0, instance:WishList.DWS_Add_Product_Into_Wishlist_08_Test@1189dd52]" started-at="2023-11-08T12:35:50 IST" name="tearDownTheBrowser" finished-at="2023-11-08T12:35:50 IST" duration-ms="546" status="PASS">
          <reporter-output>
          </reporter-output>
        </test-method> <!-- tearDownTheBrowser -->
      </class> <!-- WishList.DWS_Add_Product_Into_Wishlist_08_Test -->
    </test> <!-- Default test -->
  </suite> <!-- Default suite -->
</testng-results>
