<?xml version="1.0" encoding="UTF-8"?>
<testng-results ignored="0" total="1" passed="1" failed="0" skipped="0">
  <reporter-output>
  </reporter-output>
  <suite started-at="2023-11-03T23:50:05 IST" name="Default suite" finished-at="2023-11-03T23:50:24 IST" duration-ms="19382">
    <groups>
    </groups>
    <test started-at="2023-11-03T23:50:05 IST" name="Default test" finished-at="2023-11-03T23:50:24 IST" duration-ms="19382">
      <class name="emailSend.DWS_Email_Send_10_Test">
        <test-method is-config="true" signature="launchingBrowserAndNavigateToApp()[pri:0, instance:emailSend.DWS_Email_Send_10_Test@7ec7ffd3]" started-at="2023-11-03T23:50:05 IST" name="launchingBrowserAndNavigateToApp" finished-at="2023-11-03T23:50:19 IST" duration-ms="13593" status="PASS">
          <reporter-output>
          </reporter-output>
        </test-method> <!-- launchingBrowserAndNavigateToApp -->
        <test-method is-config="true" signature="loginToApplication()[pri:0, instance:emailSend.DWS_Email_Send_10_Test@7ec7ffd3]" started-at="2023-11-03T23:50:19 IST" name="loginToApplication" finished-at="2023-11-03T23:50:19 IST" duration-ms="155" status="PASS">
          <reporter-output>
          </reporter-output>
        </test-method> <!-- loginToApplication -->
        <test-method signature="emailSend()[pri:0, instance:emailSend.DWS_Email_Send_10_Test@7ec7ffd3]" started-at="2023-11-03T23:50:19 IST" name="emailSend" finished-at="2023-11-03T23:50:24 IST" duration-ms="4504" status="PASS">
          <reporter-output>
          </reporter-output>
        </test-method> <!-- emailSend -->
        <test-method is-config="true" signature="LoggOutFromApplication()[pri:0, instance:emailSend.DWS_Email_Send_10_Test@7ec7ffd3]" started-at="2023-11-03T23:50:24 IST" name="LoggOutFromApplication" finished-at="2023-11-03T23:50:24 IST" duration-ms="6" status="PASS">
          <reporter-output>
          </reporter-output>
        </test-method> <!-- LoggOutFromApplication -->
        <test-method is-config="true" signature="tearDownTheBrowser()[pri:0, instance:emailSend.DWS_Email_Send_10_Test@7ec7ffd3]" started-at="2023-11-03T23:50:24 IST" name="tearDownTheBrowser" finished-at="2023-11-03T23:50:24 IST" duration-ms="434" status="PASS">
          <reporter-output>
          </reporter-output>
        </test-method> <!-- tearDownTheBrowser -->
      </class> <!-- emailSend.DWS_Email_Send_10_Test -->
    </test> <!-- Default test -->
  </suite> <!-- Default suite -->
</testng-results>
